<?xml version="1.0" encoding="UTF-8"?>
<!-- Generated by org.testng.reporters.JUnitReportReporter -->
<testsuite hostname="DESKTOP-H290O4K" failures="0" tests="1" name="testCases.TC_002_SFS_All_Mobile" time="277.019" errors="0" timestamp="2023-11-21T16:34:15 IST" skipped="0">
  <testcase classname="testCases.TC_002_SFS_All_Mobile" name="testSectionContrls" time="277.019"/>
</testsuite> <!-- testCases.TC_002_SFS_All_Mobile -->
