<?xml version="1.0" encoding="UTF-8"?>
<!-- Generated by org.testng.reporters.JUnitReportReporter -->
<testsuite hostname="DESKTOP-H290O4K" failures="0" tests="1" name="testCases.CheckObjonPage" time="20.897" errors="0" timestamp="2023-12-28T15:14:46 IST" skipped="0">
  <testcase classname="testCases.CheckObjonPage" name="testControl" time="20.897"/>
</testsuite> <!-- testCases.CheckObjonPage -->
