<?xml version="1.0" encoding="UTF-8"?>
<!-- Generated by org.testng.reporters.JUnitReportReporter -->
<testsuite hostname="DESKTOP-H290O4K" failures="0" tests="1" name="testCases.TC010_WF4_SN_SpecificDate" time="480.094" errors="0" timestamp="2024-01-22T18:42:45 IST" skipped="0">
  <testcase classname="testCases.TC010_WF4_SN_SpecificDate" name="testScheduleNotify" time="480.094"/>
</testsuite> <!-- testCases.TC010_WF4_SN_SpecificDate -->
