<?xml version="1.0" encoding="UTF-8"?>
<!-- Generated by org.testng.reporters.JUnitReportReporter -->
<testsuite hostname="DESKTOP-H290O4K" failures="0" tests="1" name="testCases.TC007_WF1_Validate_Schedule_Notify" time="31.755" errors="0" timestamp="2024-01-17T18:28:10 IST" skipped="0">
  <testcase classname="testCases.TC007_WF1_Validate_Schedule_Notify" name="testDatainPhpMyAdmin" time="31.755"/>
</testsuite> <!-- testCases.TC007_WF1_Validate_Schedule_Notify -->
