<?xml version="1.0" encoding="UTF-8"?>
<!-- Generated by org.testng.reporters.JUnitReportReporter -->
<testsuite hostname="DESKTOP-GOVK9DO" failures="0" tests="1" name="testCases.TC_002_SFS_All_Mobile" time="308.857" errors="0" timestamp="2023-12-26T17:08:24 IST" skipped="0">
  <testcase classname="testCases.TC_002_SFS_All_Mobile" name="testSectionContrls" time="308.857"/>
</testsuite> <!-- testCases.TC_002_SFS_All_Mobile -->
