<?xml version="1.0" encoding="UTF-8"?>
<!-- Generated by org.testng.reporters.JUnitReportReporter -->
<testsuite hostname="DESKTOP-H290O4K" failures="0" tests="1" name="testCases.TC007_WF1_SN_Hourly" time="439.205" errors="0" timestamp="2024-01-22T18:42:45 IST" skipped="0">
  <testcase classname="testCases.TC007_WF1_SN_Hourly" name="testScheduleNotify" time="439.205"/>
</testsuite> <!-- testCases.TC007_WF1_SN_Hourly -->
