<?xml version="1.0" encoding="UTF-8"?>
<!-- Generated by org.testng.reporters.JUnitReportReporter -->
<testsuite hostname="DESKTOP-H290O4K" failures="0" tests="1" name="testCases.TC009_WF3_SN_Weekly" time="489.968" errors="0" timestamp="2024-01-22T18:42:45 IST" skipped="0">
  <testcase classname="testCases.TC009_WF3_SN_Weekly" name="testScheduleNotify" time="489.968"/>
</testsuite> <!-- testCases.TC009_WF3_SN_Weekly -->
