<?xml version="1.0" encoding="UTF-8"?>
<!-- Generated by org.testng.reporters.JUnitReportReporter -->
<testsuite hostname="DESKTOP-H290O4K" failures="0" tests="1" name="testCases.TC014_CreateEntity_DefaultValues" time="785.467" errors="0" timestamp="2024-03-19T18:47:06 IST" skipped="0">
  <testcase classname="testCases.TC014_CreateEntity_DefaultValues" name="testCreateEntity_DefaultValues_OOF_S" time="785.467"/>
</testsuite> <!-- testCases.TC014_CreateEntity_DefaultValues -->
