<?xml version="1.0" encoding="UTF-8"?>
<!-- Generated by org.testng.reporters.JUnitReportReporter -->
<testsuite hostname="DESKTOP-GOVK9DO" failures="0" tests="1" name="testCases.TC_001_SFI_All_Mobile" time="394.258" errors="0" timestamp="2023-12-26T17:08:24 IST" skipped="0">
  <testcase classname="testCases.TC_001_SFI_All_Mobile" name="TestMobileIndividualControls" time="394.258"/>
</testsuite> <!-- testCases.TC_001_SFI_All_Mobile -->
