<?xml version="1.0" encoding="UTF-8"?>
<!-- Generated by org.testng.reporters.JUnitReportReporter -->
<testsuite hostname="DESKTOP-H290O4K" failures="0" tests="1" name="testCases.CheckObjonPage" time="43.743" errors="0" timestamp="2024-03-06T17:05:41 IST" skipped="0">
  <testcase classname="testCases.CheckObjonPage" name="testControl" time="43.743"/>
</testsuite> <!-- testCases.CheckObjonPage -->
