<?xml version="1.0" encoding="UTF-8"?>
<!-- Generated by org.testng.reporters.JUnitReportReporter -->
<testsuite hostname="DESKTOP-VBPF5BK" failures="0" tests="1" name="testCases.CheckObjonPage" time="17.189" errors="0" timestamp="2024-03-25T17:12:43 IST" skipped="0">
  <testcase classname="testCases.CheckObjonPage" name="testControl" time="17.189"/>
</testsuite> <!-- testCases.CheckObjonPage -->
