<?xml version="1.0" encoding="UTF-8"?>
<!-- Generated by org.testng.reporters.JUnitReportReporter -->
<testsuite hostname="DESKTOP-H290O4K" failures="0" tests="1" name="testCases.TC005_WF5_Send_SMS_ETR_S" time="1073.368" errors="0" timestamp="2023-12-30T15:58:55 IST" skipped="0">
  <testcase classname="testCases.TC005_WF5_Send_SMS_ETR_S" name="test_SMS_ETR_S" time="1073.368"/>
</testsuite> <!-- testCases.TC005_WF5_Send_SMS_ETR_S -->
