<?xml version="1.0" encoding="UTF-8"?>
<!-- Generated by org.testng.reporters.JUnitReportReporter -->
<testsuite hostname="DESKTOP-H290O4K" failures="0" tests="1" name="testCases.TC007_WF1_CRM_Schedule_Notify" time="430.555" errors="0" timestamp="2024-01-17T18:28:10 IST" skipped="0">
  <testcase classname="testCases.TC007_WF1_CRM_Schedule_Notify" name="testScheduleNotify" time="430.555"/>
</testsuite> <!-- testCases.TC007_WF1_CRM_Schedule_Notify -->
