<?xml version="1.0" encoding="UTF-8"?>
<!-- Generated by org.testng.reporters.JUnitReportReporter -->
<testsuite hostname="DESKTOP-H290O4K" failures="0" tests="1" name="testCases.TC012_WF6_SN_Yearly" time="584.044" errors="0" timestamp="2024-02-16T16:13:20 IST" skipped="0">
  <testcase classname="testCases.TC012_WF6_SN_Yearly" name="testScheduleNotify" time="584.044"/>
</testsuite> <!-- testCases.TC012_WF6_SN_Yearly -->
