<?xml version="1.0" encoding="UTF-8"?>
<!-- Generated by org.testng.reporters.JUnitReportReporter -->
<testsuite hostname="DESKTOP-H290O4K" failures="0" tests="1" name="testCases.TC007_WF1_SN_Hourly" time="436.268" errors="0" timestamp="2024-02-16T17:45:10 IST" skipped="0">
  <testcase classname="testCases.TC007_WF1_SN_Hourly" name="testScheduleNotify" time="436.268"/>
</testsuite> <!-- testCases.TC007_WF1_SN_Hourly -->
