<?xml version="1.0" encoding="UTF-8"?>
<!-- Generated by org.testng.reporters.JUnitReportReporter -->
<testsuite hostname="DESKTOP-H290O4K" failures="0" tests="1" name="testCases.TC002_WF2_Only_On_First_Save" time="251.301" errors="0" timestamp="2023-12-15T18:39:41 IST" skipped="0">
  <testcase classname="testCases.TC002_WF2_Only_On_First_Save" name="testWFEveryTimeRecSave" time="251.301"/>
</testsuite> <!-- testCases.TC002_WF2_Only_On_First_Save -->
