<?xml version="1.0" encoding="UTF-8"?>
<!-- Generated by org.testng.reporters.JUnitReportReporter -->
<testsuite hostname="DESKTOP-H290O4K" failures="0" tests="1" name="testCases.TC012_WF6_SN_Yearly" time="506.486" errors="0" timestamp="2024-01-22T18:56:19 IST" skipped="0">
  <testcase classname="testCases.TC012_WF6_SN_Yearly" name="testScheduleNotify" time="506.486"/>
</testsuite> <!-- testCases.TC012_WF6_SN_Yearly -->
