<?xml version="1.0" encoding="UTF-8"?>
<!-- Generated by org.testng.reporters.JUnitReportReporter -->
<testsuite hostname="DESKTOP-H290O4K" failures="0" tests="1" name="testCases.TC_001_SFI_All_MobileResponse" time="112.300" errors="0" timestamp="2023-11-02T11:54:40 IST" skipped="0">
  <testcase classname="testCases.TC_001_SFI_All_MobileResponse" name="TestMobileIResponse" time="112.300"/>
</testsuite> <!-- testCases.TC_001_SFI_All_MobileResponse -->
