<?xml version="1.0" encoding="UTF-8"?>
<!-- Generated by org.testng.reporters.JUnitReportReporter -->
<testsuite hostname="DESKTOP-H290O4K" failures="0" tests="1" name="testCases.TC_001_SFI_All_MobileResponse" time="136.689" errors="0" timestamp="2023-11-28T13:06:29 IST" skipped="0">
  <testcase classname="testCases.TC_001_SFI_All_MobileResponse" name="TestMobileIResponse" time="136.689"/>
</testsuite> <!-- testCases.TC_001_SFI_All_MobileResponse -->
