<?xml version="1.0" encoding="UTF-8"?>
<!-- Generated by org.testng.reporters.JUnitReportReporter -->
<testsuite hostname="DESKTOP-H290O4K" failures="0" tests="1" name="testCases.TC008_WF2_SN_Daily" time="437.447" errors="0" timestamp="2024-02-16T15:10:50 IST" skipped="0">
  <testcase classname="testCases.TC008_WF2_SN_Daily" name="testScheduleNotify" time="437.447"/>
</testsuite> <!-- testCases.TC008_WF2_SN_Daily -->
