<?xml version="1.0" encoding="UTF-8"?>
<!-- Generated by org.testng.reporters.JUnitReportReporter -->
<testsuite hostname="DESKTOP-H290O4K" failures="0" tests="1" name="testCases.TC004_WF4_Send_SMS_OOF_S" time="1994.309" errors="0" timestamp="2024-01-08T14:38:43 IST" skipped="0">
  <testcase classname="testCases.TC004_WF4_Send_SMS_OOF_S" name="test_Send_SMS_ETR_M_Test" time="1994.309"/>
</testsuite> <!-- testCases.TC004_WF4_Send_SMS_OOF_S -->
