<?xml version="1.0" encoding="UTF-8"?>
<!-- Generated by org.testng.reporters.JUnitReportReporter -->
<testsuite hostname="DESKTOP-H290O4K" failures="0" tests="1" name="testCases.TC_002_SFS_All_MobileResponse" time="149.870" errors="0" timestamp="2023-11-08T16:17:41 IST" skipped="0">
  <testcase classname="testCases.TC_002_SFS_All_MobileResponse" name="testMobileSectionContrls" time="149.870"/>
</testsuite> <!-- testCases.TC_002_SFS_All_MobileResponse -->
