<?xml version="1.0" encoding="UTF-8"?>
<!-- Generated by org.testng.reporters.JUnitReportReporter -->
<testsuite hostname="DESKTOP-H290O4K" failures="0" tests="1" name="testCases.TC011_WF5_SN_MonthByDate" time="605.364" errors="0" timestamp="2024-01-24T15:57:47 IST" skipped="0">
  <testcase classname="testCases.TC011_WF5_SN_MonthByDate" name="testScheduleNotify" time="605.364"/>
</testsuite> <!-- testCases.TC011_WF5_SN_MonthByDate -->
