<?xml version="1.0" encoding="UTF-8"?>
<!-- Generated by org.testng.reporters.JUnitReportReporter -->
<testsuite hostname="DESKTOP-VBPF5BK" failures="0" tests="1" name="testCases.TC016_CreateEntity_OOFS_FailureUpdate" time="1300.358" errors="0" timestamp="2024-03-25T17:36:12 IST" skipped="0">
  <testcase classname="testCases.TC016_CreateEntity_OOFS_FailureUpdate" name="testCreateEntity_OOFS_FailureUpdate" time="1300.358"/>
</testsuite> <!-- testCases.TC016_CreateEntity_OOFS_FailureUpdate -->
