<?xml version="1.0" encoding="UTF-8"?>
<!-- Generated by org.testng.reporters.JUnitReportReporter -->
<testsuite hostname="DESKTOP-H290O4K" failures="0" tests="1" name="testCases.TC008_WF1_SN_Daily" time="475.650" errors="0" timestamp="2024-01-18T17:18:46 IST" skipped="0">
  <testcase classname="testCases.TC008_WF1_SN_Daily" name="testScheduleNotify" time="475.650"/>
</testsuite> <!-- testCases.TC008_WF1_SN_Daily -->
