<?xml version="1.0" encoding="UTF-8"?>
<!-- Generated by org.testng.reporters.JUnitReportReporter -->
<testsuite hostname="DESKTOP-H290O4K" failures="0" tests="1" name="testCases.TC005_WF5_Send_SMS_ETR_S" time="2196.741" errors="0" timestamp="2024-02-16T13:26:04 IST" skipped="0">
  <testcase classname="testCases.TC005_WF5_Send_SMS_ETR_S" name="test_SMS_ETR_S" time="2196.741"/>
</testsuite> <!-- testCases.TC005_WF5_Send_SMS_ETR_S -->
