<?xml version="1.0" encoding="UTF-8"?>
<!-- Generated by org.testng.reporters.JUnitReportReporter -->
<testsuite hostname="DESKTOP-H290O4K" failures="0" tests="1" name="testCases.TC002_WF2_Only_On_First_Save" time="150.283" errors="0" timestamp="2023-12-14T18:36:32 IST" skipped="0">
  <testcase classname="testCases.TC002_WF2_Only_On_First_Save" name="testWFEveryTimeRecSave" time="150.283"/>
</testsuite> <!-- testCases.TC002_WF2_Only_On_First_Save -->
