<?xml version="1.0" encoding="UTF-8"?>
<!-- Generated by org.testng.reporters.JUnitReportReporter -->
<testsuite hostname="DESKTOP-H290O4K" failures="0" tests="1" name="testCases.TC014_CreateEntity_DefaultValues" time="396.707" errors="0" timestamp="2024-03-22T17:01:05 IST" skipped="0">
  <testcase classname="testCases.TC014_CreateEntity_DefaultValues" name="testCreateEntity_DefaultValues_OOF_S" time="396.707"/>
</testsuite> <!-- testCases.TC014_CreateEntity_DefaultValues -->
