<?xml version="1.0" encoding="UTF-8"?>
<!-- Generated by org.testng.reporters.JUnitReportReporter -->
<testsuite hostname="DESKTOP-H290O4K" failures="0" tests="1" name="testCases.TC010_WF4_SN_SpecificDate" time="436.580" errors="0" timestamp="2024-02-16T15:53:35 IST" skipped="0">
  <testcase classname="testCases.TC010_WF4_SN_SpecificDate" name="testScheduleNotify" time="436.580"/>
</testsuite> <!-- testCases.TC010_WF4_SN_SpecificDate -->
