<?xml version="1.0" encoding="UTF-8"?>
<!-- Generated by org.testng.reporters.JUnitReportReporter -->
<testsuite hostname="DESKTOP-H290O4K" failures="0" tests="1" name="testCases.HandleToastMessages" time="41.982" errors="0" timestamp="2023-11-02T17:57:42 IST" skipped="0">
  <testcase classname="testCases.HandleToastMessages" name="toastcheck" time="41.982"/>
</testsuite> <!-- testCases.HandleToastMessages -->
