<?xml version="1.0" encoding="UTF-8"?>
<!-- Generated by org.testng.reporters.JUnitReportReporter -->
<testsuite hostname="DESKTOP-H290O4K" failures="0" tests="1" name="testCases.TestHiddenControl" time="20.059" errors="0" timestamp="2023-12-21T18:23:43 IST" skipped="0">
  <testcase classname="testCases.TestHiddenControl" name="testedit" time="20.059"/>
</testsuite> <!-- testCases.TestHiddenControl -->
