<?xml version="1.0" encoding="UTF-8"?>
<!-- Generated by org.testng.reporters.JUnitReportReporter -->
<testsuite hostname="DESKTOP-H290O4K" failures="0" tests="1" name="testCases.TC_002_SFS_All_Mobile" time="228.955" errors="0" timestamp="2023-11-03T18:46:58 IST" skipped="0">
  <testcase classname="testCases.TC_002_SFS_All_Mobile" name="testSectionContrls" time="228.955"/>
</testsuite> <!-- testCases.TC_002_SFS_All_Mobile -->
