<?xml version="1.0" encoding="UTF-8"?>
<!-- Generated by org.testng.reporters.JUnitReportReporter -->
<testsuite hostname="DESKTOP-H290O4K" failures="0" tests="1" name="testCases.TC_002_SFS_All_Mobile" time="335.795" errors="0" timestamp="2023-11-15T12:02:11 IST" skipped="0">
  <testcase classname="testCases.TC_002_SFS_All_Mobile" name="testSectionContrls" time="335.795"/>
</testsuite> <!-- testCases.TC_002_SFS_All_Mobile -->
