<?xml version="1.0" encoding="UTF-8"?>
<!-- Generated by org.testng.reporters.JUnitReportReporter -->
<testsuite hostname="DESKTOP-H290O4K" failures="0" tests="1" name="testCases.TC005_WF5_Send_SMS_OOF_S" time="404.429" errors="0" timestamp="2023-12-28T18:46:19 IST" skipped="0">
  <testcase classname="testCases.TC005_WF5_Send_SMS_OOF_S" name="test_Send_SMS_ETR_M_Test" time="404.429"/>
</testsuite> <!-- testCases.TC005_WF5_Send_SMS_OOF_S -->
