<?xml version="1.0" encoding="UTF-8"?>
<!-- Generated by org.testng.reporters.JUnitReportReporter -->
<testsuite hostname="DESKTOP-H290O4K" failures="0" tests="1" name="testCases.TC008_WF2_Validate_SN_Daily" time="35.118" errors="0" timestamp="2024-01-22T18:42:45 IST" skipped="0">
  <testcase classname="testCases.TC008_WF2_Validate_SN_Daily" name="testDatainPhpMyAdmin" time="35.118"/>
</testsuite> <!-- testCases.TC008_WF2_Validate_SN_Daily -->
