<?xml version="1.0" encoding="UTF-8"?>
<!-- Generated by org.testng.reporters.JUnitReportReporter -->
<testsuite hostname="DESKTOP-H290O4K" failures="0" tests="1" name="testCases.TC002_SFI_MBPopups" time="114.872" errors="0" timestamp="2023-11-22T15:34:12 IST" skipped="0">
  <testcase classname="testCases.TC002_SFI_MBPopups" name="TestMobilePopupControls" time="114.872"/>
</testsuite> <!-- testCases.TC002_SFI_MBPopups -->
