<?xml version="1.0" encoding="UTF-8"?>
<!-- Generated by org.testng.reporters.JUnitReportReporter -->
<testsuite hostname="DESKTOP-H290O4K" failures="0" tests="1" name="testCases.TC_001_SFI_All_Mobile" time="177.904" errors="0" timestamp="2023-11-04T14:18:59 IST" skipped="0">
  <testcase classname="testCases.TC_001_SFI_All_Mobile" name="TestMobileIndividualControls" time="177.904"/>
</testsuite> <!-- testCases.TC_001_SFI_All_Mobile -->
