<?xml version="1.0" encoding="UTF-8"?>
<!-- Generated by org.testng.reporters.JUnitReportReporter -->
<testsuite hostname="DESKTOP-H290O4K" failures="0" tests="1" name="testCases.TC003_WF3_Every_time_record_modifies" time="565.807" errors="0" timestamp="2023-12-22T12:47:15 IST" skipped="0">
  <testcase classname="testCases.TC003_WF3_Every_time_record_modifies" name="testWFOnlyOnFirstSave" time="565.807"/>
</testsuite> <!-- testCases.TC003_WF3_Every_time_record_modifies -->
