<?xml version="1.0" encoding="UTF-8"?>
<!-- Generated by org.testng.reporters.JUnitReportReporter -->
<testsuite hostname="DESKTOP-H290O4K" failures="0" tests="1" name="testCases.TC_002_SFS_All_MobileResponse" time="147.850" errors="0" timestamp="2023-11-16T13:19:22 IST" skipped="0">
  <testcase classname="testCases.TC_002_SFS_All_MobileResponse" name="testMobileSectionContrls" time="147.850"/>
</testsuite> <!-- testCases.TC_002_SFS_All_MobileResponse -->
