<?xml version="1.0" encoding="UTF-8"?>
<!-- Generated by org.testng.reporters.JUnitReportReporter -->
<testsuite hostname="DESKTOP-H290O4K" failures="0" tests="1" name="testCases.TC_001_SFI_All_Mobile" time="316.189" errors="0" timestamp="2023-11-21T17:38:16 IST" skipped="0">
  <testcase classname="testCases.TC_001_SFI_All_Mobile" name="TestMobileIndividualControls" time="316.189"/>
</testsuite> <!-- testCases.TC_001_SFI_All_Mobile -->
